<?xml version="1.0" encoding="UTF-8"?>
<!-- Generated by org.testng.reporters.JUnitXMLReporter -->
<testsuite ignored="4" hostname="DESKTOP-1TO35R0" failures="2" tests="9" name="Regression" time="0.055" errors="0" timestamp="2021-10-07T14:24:47 IST">
  <testcase classname="Test.Intro" name="Demo" time="0.005">
    <failure type="java.lang.AssertionError" message="expected [true] but found [false]">
      <![CDATA[java.lang.AssertionError: expected [true] but found [false]
at Test.Intro.Demo(Intro.java:22)
at java.base/java.util.ArrayList.forEach(ArrayList.java:1511)
... Removed 31 stack frames]]>
    </failure>
  </testcase> <!-- Demo -->
  <testcase classname="Test.Intro" name="SecondTest" time="0.001"/>
  <testcase classname="Test.Intro4" name="LoginAPIHomeLoan" time="0.001"/>
  <testcase classname="Test.Intro4" name="WebloginHomeLoan" time="0.001"/>
  <testcase classname="Test.Intro3" name="MobilesignoutcarLoan" time="0.001"/>
  <testcase classname="Test.Intro3" name="MobilesignoutcarLoan" time="0.0"/>
  <testcase classname="Test.Intro3" name="MobilesignoutcarLoan" time="0.001"/>
  <testcase classname="Test.Intro3" name="WebloginCarLoan" time="0.0">
    <failure type="org.testng.TestNGException" message="
Parameter &amp;apos;URL&amp;apos; is required by @Test on method WebloginCarLoan but has not been marked @Optional or defined
in C:\Users\Thejaswi\eclipse-workspace\TestNG\testng3.xml">
      <![CDATA[org.testng.TestNGException: 
Parameter 'URL' is required by @Test on method WebloginCarLoan but has not been marked @Optional or defined
in C:\Users\Thejaswi\eclipse-workspace\TestNG\testng3.xml
at java.base/java.util.ArrayList.forEach(ArrayList.java:1511)
... Removed 26 stack frames]]>
    </failure>
  </testcase> <!-- WebloginCarLoan -->
  <testcase classname="Test.Intro3" name="APIcarLoan" time="0.0">
    <skipped/>
  </testcase> <!-- APIcarLoan -->
  <testcase classname="Test.Intro3" name="MobileLogincarLoan" time="0.0">
    <ignored/>
  </testcase> <!-- MobileLogincarLoan -->
  <testcase classname="Test.Intro2" name="ploan" time="0.0">
    <ignored/>
  </testcase> <!-- ploan -->
  <testcase classname="Test.Intro3" name="MobilesignimcarLoan" time="0.0">
    <ignored/>
  </testcase> <!-- MobilesignimcarLoan -->
  <testcase classname="Test.Intro4" name="MobileLoginHomeLoan" time="0.0">
    <ignored/>
  </testcase> <!-- MobileLoginHomeLoan -->
</testsuite> <!-- Regression -->
