<?xml version="1.0" encoding="UTF-8"?>
<!-- Generated by org.testng.reporters.JUnitXMLReporter -->
<testsuite ignored="5" hostname="DESKTOP-1TO35R0" failures="1" tests="5" name="SmokeTest" time="0.05" errors="0" timestamp="2022-11-12T18:46:39 IST">
  <testcase classname="Test.One" name="two" time="0.007">
    <failure type="java.lang.AssertionError" message="expected [true] but found [false]">
      <![CDATA[java.lang.AssertionError: expected [true] but found [false]
at Test.One.two(One.java:18)
at java.base/java.util.ArrayList.forEach(ArrayList.java:1511)
... Removed 31 stack frames]]>
    </failure>
  </testcase> <!-- two -->
  <testcase classname="Test.Eleven" name="eleven" time="0.001"/>
  <testcase classname="Test.Eleven" name="thirteen" time="0.001"/>
  <testcase classname="Test.ThirtyOne" name="thirtyOne" time="0.0"/>
  <testcase classname="Test.ThirtyOne" name="thirtyTwo" time="0.001"/>
  <testcase classname="Test.One" name="one" time="0.0">
    <ignored/>
  </testcase> <!-- one -->
  <testcase classname="Test.Eleven" name="twelve" time="0.0">
    <ignored/>
  </testcase> <!-- twelve -->
  <testcase classname="Test.One" name="four" time="0.0">
    <ignored/>
  </testcase> <!-- four -->
  <testcase classname="Test.ThirtyOne" name="thirtyThree" time="0.0">
    <ignored/>
  </testcase> <!-- thirtyThree -->
  <testcase classname="Test.One" name="three" time="0.0">
    <ignored/>
  </testcase> <!-- three -->
</testsuite> <!-- SmokeTest -->
